<?xml version="1.0" encoding="UTF-8"?>
<!-- Generated by org.testng.reporters.JUnitReportReporter -->
<testsuite skipped="0" hostname="MXITD031" name="tests.Run" tests="1" failures="0" timestamp="08 Mar 2018 12:54:34 GMT" time="0.024" errors="0">
  <testcase name="T1" time="0.024" classname="tests.Run"/>
</testsuite> <!-- tests.Run -->
