<?xml version="1.0" encoding="UTF-8"?>
<!-- Generated by org.testng.reporters.JUnitReportReporter -->
<testsuite skipped="0" hostname="MXITD031" name="tests.RunTest" tests="1" failures="0" timestamp="08 Mar 2018 11:54:21 GMT" time="9.641" errors="0">
  <testcase name="testRun" time="9.641" classname="tests.RunTest"/>
</testsuite> <!-- tests.RunTest -->
