<?xml version="1.0" encoding="UTF-8"?>
<!-- Generated by org.testng.reporters.JUnitReportReporter -->
<testsuite skipped="0" hostname="MXITD031" name="tests.Regression" tests="2" failures="0" timestamp="12 Mar 2018 16:17:07 GMT" time="23.861" errors="0">
  <testcase name="T2" time="11.719" classname="tests.Regression"/>
  <testcase name="T1" time="12.142" classname="tests.Regression"/>
</testsuite> <!-- tests.Regression -->
