<?xml version="1.0" encoding="UTF-8"?>
<!-- Generated by org.testng.reporters.JUnitReportReporter -->
<testsuite skipped="0" hostname="MXITD031" name="tests.Test2" tests="2" failures="0" timestamp="08 Mar 2018 13:19:07 GMT" time="6.640" errors="0">
  <testcase name="T1" time="3.842" classname="tests.Test2"/>
  <testcase name="T2" time="2.798" classname="tests.Test2"/>
</testsuite> <!-- tests.Test2 -->
