<?xml version="1.0" encoding="UTF-8"?>
<!-- Generated by org.testng.reporters.JUnitReportReporter -->
<testsuite skipped="0" hostname="MXITD031" name="tests.Test2" tests="2" failures="0" timestamp="12 Mar 2018 11:36:38 GMT" time="33.031" errors="0">
  <testcase name="T1" time="16.195" classname="tests.Test2"/>
  <testcase name="T2" time="16.836" classname="tests.Test2"/>
</testsuite> <!-- tests.Test2 -->
