<?xml version="1.0" encoding="UTF-8"?>
<!-- Generated by org.testng.reporters.JUnitReportReporter -->
<testsuite skipped="0" hostname="MXITD031" name="tests.Feature1" tests="2" failures="0" timestamp="09 Mar 2018 12:14:57 GMT" time="18.433" errors="0">
  <testcase name="T2" time="9.621" classname="tests.Feature1"/>
  <testcase name="T1" time="8.812" classname="tests.Feature1"/>
</testsuite> <!-- tests.Feature1 -->
