<?xml version="1.0" encoding="UTF-8"?>
<!-- Generated by org.testng.reporters.JUnitReportReporter -->
<testsuite skipped="0" hostname="MXITD031" name="tests.Regression" tests="2" failures="0" timestamp="13 Mar 2018 10:05:49 GMT" time="23.638" errors="0">
  <testcase name="T2" time="11.148" classname="tests.Regression"/>
  <testcase name="T1" time="12.490" classname="tests.Regression"/>
</testsuite> <!-- tests.Regression -->
