<?xml version="1.0" encoding="UTF-8"?>
<!-- Generated by org.testng.reporters.JUnitReportReporter -->
<testsuite skipped="0" hostname="MXITD031" name="tests.Test2" tests="2" failures="0" timestamp="12 Mar 2018 15:00:12 GMT" time="28.692" errors="0">
  <testcase name="T2" time="17.438" classname="tests.Test2"/>
  <testcase name="T1" time="11.254" classname="tests.Test2"/>
</testsuite> <!-- tests.Test2 -->
