<?xml version="1.0" encoding="UTF-8"?>
<!-- Generated by org.testng.reporters.JUnitReportReporter -->
<testsuite skipped="0" hostname="MXITD031" name="tests.Test2" tests="3" failures="0" timestamp="09 Mar 2018 12:14:57 GMT" time="26.444" errors="0">
  <testcase name="T2" time="8.083" classname="tests.Test2"/>
  <testcase name="T1" time="9.544" classname="tests.Test2"/>
  <testcase name="T3" time="8.817" classname="tests.Test2"/>
</testsuite> <!-- tests.Test2 -->
