<?xml version="1.0" encoding="UTF-8"?>
<!-- Generated by org.testng.reporters.JUnitReportReporter -->
<testsuite skipped="0" hostname="MXITD031" name="tests.Test2" tests="2" failures="0" timestamp="08 Mar 2018 15:31:43 GMT" time="14.040" errors="0">
  <testcase name="T1" time="7.518" classname="tests.Test2"/>
  <testcase name="T2" time="6.522" classname="tests.Test2"/>
</testsuite> <!-- tests.Test2 -->
