<?xml version="1.0" encoding="UTF-8"?>
<!-- Generated by org.testng.reporters.JUnitReportReporter -->
<testsuite skipped="0" hostname="MXITD031" name="tests.Welcome" tests="1" failures="0" timestamp="12 Mar 2018 16:03:07 GMT" time="0.020" errors="0">
  <testcase name="run" time="0.020" classname="tests.Welcome"/>
</testsuite> <!-- tests.Welcome -->
