<?xml version="1.0" encoding="UTF-8"?>
<!-- Generated by org.testng.reporters.JUnitReportReporter -->
<testsuite skipped="0" hostname="MXITD031" name="tests.Feature1" tests="1" failures="0" timestamp="09 Mar 2018 13:16:49 GMT" time="9.474" errors="0">
  <testcase name="T2" time="9.474" classname="tests.Feature1"/>
</testsuite> <!-- tests.Feature1 -->
