<?xml version="1.0" encoding="UTF-8"?>
<!-- Generated by org.testng.reporters.JUnitReportReporter -->
<testsuite skipped="0" hostname="MXITD031" name="tests.Feature1" tests="2" failures="0" timestamp="12 Mar 2018 15:00:12 GMT" time="24.261" errors="0">
  <testcase name="T2" time="12.280" classname="tests.Feature1"/>
  <testcase name="T1" time="11.981" classname="tests.Feature1"/>
</testsuite> <!-- tests.Feature1 -->
