<?xml version="1.0" encoding="UTF-8"?>
<!-- Generated by org.testng.reporters.JUnitReportReporter -->
<testsuite skipped="0" hostname="MXITD031" name="tests.Test2" tests="2" failures="0" timestamp="09 Mar 2018 13:16:49 GMT" time="17.284" errors="0">
  <testcase name="T2" time="9.419" classname="tests.Test2"/>
  <testcase name="T3" time="7.865" classname="tests.Test2"/>
</testsuite> <!-- tests.Test2 -->
